[debug] [2025-06-18T13:28:36.011Z] ----------------------------------------------------------------------
[debug] [2025-06-18T13:28:36.012Z] Command:       /Users/johntow/.nvm/versions/node/v20.18.0/bin/node /Users/johntow/.nvm/versions/node/v20.18.0/bin/firebase init
[debug] [2025-06-18T13:28:36.012Z] CLI Version:   14.7.0
[debug] [2025-06-18T13:28:36.013Z] Platform:      darwin
[debug] [2025-06-18T13:28:36.013Z] Node Version:  v20.18.0
[debug] [2025-06-18T13:28:36.013Z] Time:          Wed Jun 18 2025 21:28:36 GMT+0800 (Singapore Standard Time)
[debug] [2025-06-18T13:28:36.013Z] ----------------------------------------------------------------------
[debug] 
[debug] [2025-06-18T13:28:36.015Z] > command requires scopes: ["email","openid","https://www.googleapis.com/auth/cloudplatformprojects.readonly","https://www.googleapis.com/auth/firebase","https://www.googleapis.com/auth/cloud-platform"]
[debug] [2025-06-18T13:28:36.015Z] > authorizing via signed-in user (johntowzhichong@gmail.com)
[info] 
     ######## #### ########  ######## ########     ###     ######  ########
     ##        ##  ##     ## ##       ##     ##  ##   ##  ##       ##
     ######    ##  ########  ######   ########  #########  ######  ######
     ##        ##  ##    ##  ##       ##     ## ##     ##       ## ##
     ##       #### ##     ## ######## ########  ##     ##  ######  ########

You're about to initialize a Firebase project in this directory:

  /Users/johntow/Desktop/Projects/laos projects/MyLaoSMILE copy 2/temp_repo

[info] 
=== Project Setup
[info] 
[info] First, let's associate this project directory with a Firebase project.
[info] You can create multiple project aliases by running firebase use --add, 
[info] but for now we'll just set up a default project.
[info] 
[debug] [2025-06-18T13:29:41.564Z] Checked if tokens are valid: true, expires at: 1750256862908
[debug] [2025-06-18T13:29:41.564Z] Checked if tokens are valid: true, expires at: 1750256862908
[debug] [2025-06-18T13:29:41.567Z] >>> [apiv2][query] GET https://firebase.googleapis.com/v1beta1/projects pageSize=100
[debug] [2025-06-18T13:29:42.089Z] <<< [apiv2][status] GET https://firebase.googleapis.com/v1beta1/projects 200
[debug] [2025-06-18T13:29:42.090Z] <<< [apiv2][body] GET https://firebase.googleapis.com/v1beta1/projects [omitted]
[info] i  Using project mylaosmile-7642e (mylaosmile) 
[info] 
=== Firestore Setup
[info] i  firestore: ensuring required API firestore.googleapis.com is enabled... 
[debug] [2025-06-18T13:29:43.993Z] Checked if tokens are valid: true, expires at: 1750256862908
[debug] [2025-06-18T13:29:43.994Z] Checked if tokens are valid: true, expires at: 1750256862908
[debug] [2025-06-18T13:29:43.994Z] >>> [apiv2][query] GET https://serviceusage.googleapis.com/v1/projects/mylaosmile-7642e/services/firestore.googleapis.com [none]
[debug] [2025-06-18T13:29:43.994Z] >>> [apiv2][(partial)header] GET https://serviceusage.googleapis.com/v1/projects/mylaosmile-7642e/services/firestore.googleapis.com x-goog-quota-user=projects/mylaosmile-7642e
[debug] [2025-06-18T13:29:45.390Z] <<< [apiv2][status] GET https://serviceusage.googleapis.com/v1/projects/mylaosmile-7642e/services/firestore.googleapis.com 200
[debug] [2025-06-18T13:29:45.390Z] <<< [apiv2][body] GET https://serviceusage.googleapis.com/v1/projects/mylaosmile-7642e/services/firestore.googleapis.com [omitted]
[info] ✔  firestore: required API firestore.googleapis.com is enabled 
[debug] [2025-06-18T13:29:45.391Z] Checked if tokens are valid: true, expires at: 1750256862908
[debug] [2025-06-18T13:29:45.392Z] Checked if tokens are valid: true, expires at: 1750256862908
[debug] [2025-06-18T13:29:45.392Z] >>> [apiv2][query] GET https://firestore.googleapis.com/v1/projects/mylaosmile-7642e/databases [none]
[debug] [2025-06-18T13:29:45.914Z] <<< [apiv2][status] GET https://firestore.googleapis.com/v1/projects/mylaosmile-7642e/databases 200
[debug] [2025-06-18T13:29:45.914Z] <<< [apiv2][body] GET https://firestore.googleapis.com/v1/projects/mylaosmile-7642e/databases {"databases":[{"name":"projects/mylaosmile-7642e/databases/(default)","uid":"f2d9c874-879b-47c6-bc8f-f55c6da17cb5","createTime":"2025-06-18T13:14:39.284042Z","updateTime":"2025-06-18T13:14:39.284042Z","locationId":"asia-southeast1","type":"FIRESTORE_NATIVE","concurrencyMode":"PESSIMISTIC","versionRetentionPeriod":"3600s","earliestVersionTime":"2025-06-18T13:14:39.284042Z","appEngineIntegrationMode":"DISABLED","keyPrefix":"zas","pointInTimeRecoveryEnablement":"POINT_IN_TIME_RECOVERY_DISABLED","deleteProtectionState":"DELETE_PROTECTION_DISABLED","databaseEdition":"STANDARD","freeTier":true,"etag":"IPDUwPqJ+40DMMqGrsqG+40D"}]}
[info] 
[info] Firestore Security Rules allow you to define how and when to allow
[info] requests. You can keep these rules in your project directory
[info] and publish them with firebase deploy.
[info] 
[debug] [2025-06-18T13:29:55.794Z] Checked if tokens are valid: true, expires at: 1750256862908
[debug] [2025-06-18T13:29:55.795Z] Checked if tokens are valid: true, expires at: 1750256862908
[debug] [2025-06-18T13:29:55.795Z] >>> [apiv2][query] GET https://firebaserules.googleapis.com/v1/projects/mylaosmile-7642e/releases pageSize=10&pageToken=
[debug] [2025-06-18T13:29:57.214Z] <<< [apiv2][status] GET https://firebaserules.googleapis.com/v1/projects/mylaosmile-7642e/releases 200
[debug] [2025-06-18T13:29:57.214Z] <<< [apiv2][body] GET https://firebaserules.googleapis.com/v1/projects/mylaosmile-7642e/releases {"releases":[{"name":"projects/mylaosmile-7642e/releases/cloud.firestore","rulesetName":"projects/mylaosmile-7642e/rulesets/a75b9220-0775-41b8-aa53-d951b11b8e6d","createTime":"2025-06-18T13:14:47.349098Z","updateTime":"2025-06-18T13:14:47.349098Z"},{"name":"projects/mylaosmile-7642e/releases/firebase.storage/mylaosmile-7642e.firebasestorage.app","rulesetName":"projects/mylaosmile-7642e/rulesets/cabdce29-4e6e-437f-9aae-2765572d8566","createTime":"2025-06-18T13:16:32.046688Z","updateTime":"2025-06-18T13:16:32.046688Z"}]}
[debug] [2025-06-18T13:29:57.225Z] Checked if tokens are valid: true, expires at: 1750256862908
[debug] [2025-06-18T13:29:57.226Z] Checked if tokens are valid: true, expires at: 1750256862908
[debug] [2025-06-18T13:29:57.226Z] >>> [apiv2][query] GET https://firebaserules.googleapis.com/v1/projects/mylaosmile-7642e/rulesets/a75b9220-0775-41b8-aa53-d951b11b8e6d [none]
[debug] [2025-06-18T13:29:58.485Z] <<< [apiv2][status] GET https://firebaserules.googleapis.com/v1/projects/mylaosmile-7642e/rulesets/a75b9220-0775-41b8-aa53-d951b11b8e6d 200
[debug] [2025-06-18T13:29:58.485Z] <<< [apiv2][body] GET https://firebaserules.googleapis.com/v1/projects/mylaosmile-7642e/rulesets/a75b9220-0775-41b8-aa53-d951b11b8e6d [omitted]
[info] i  Downloaded the existing Firestore Security Rules from the Firebase console 
[info] 
[info] Firestore indexes allow you to perform complex queries while
[info] maintaining performance that scales with the size of the result
[info] set. You can keep index definitions in your project directory
[info] and publish them with firebase deploy.
[info] 
[debug] [2025-06-18T13:29:58.763Z] Checked if tokens are valid: true, expires at: 1750256862908
[debug] [2025-06-18T13:29:58.764Z] Checked if tokens are valid: true, expires at: 1750256862908
[debug] [2025-06-18T13:29:58.764Z] Checked if tokens are valid: true, expires at: 1750256862908
[debug] [2025-06-18T13:29:58.764Z] Checked if tokens are valid: true, expires at: 1750256862908
[debug] [2025-06-18T13:29:58.764Z] >>> [apiv2][query] GET https://firestore.googleapis.com/v1/projects/mylaosmile-7642e/databases/(default)/collectionGroups/-/indexes [none]
[debug] [2025-06-18T13:29:58.767Z] >>> [apiv2][query] GET https://firestore.googleapis.com/v1/projects/mylaosmile-7642e/databases/(default)/collectionGroups/-/fields?filter=indexConfig.usesAncestorConfig=false OR ttlConfig:* [none]
[debug] [2025-06-18T13:29:58.874Z] <<< [apiv2][status] GET https://firestore.googleapis.com/v1/projects/mylaosmile-7642e/databases/(default)/collectionGroups/-/indexes 200
[debug] [2025-06-18T13:29:58.874Z] <<< [apiv2][body] GET https://firestore.googleapis.com/v1/projects/mylaosmile-7642e/databases/(default)/collectionGroups/-/indexes {}
[debug] [2025-06-18T13:29:59.164Z] <<< [apiv2][status] GET https://firestore.googleapis.com/v1/projects/mylaosmile-7642e/databases/(default)/collectionGroups/-/fields?filter=indexConfig.usesAncestorConfig=false OR ttlConfig:* 200
[debug] [2025-06-18T13:29:59.164Z] <<< [apiv2][body] GET https://firestore.googleapis.com/v1/projects/mylaosmile-7642e/databases/(default)/collectionGroups/-/fields?filter=indexConfig.usesAncestorConfig=false OR ttlConfig:* {"fields":[{"name":"projects/mylaosmile-7642e/databases/(default)/collectionGroups/__default__/fields/*","indexConfig":{"indexes":[{"queryScope":"COLLECTION","fields":[{"fieldPath":"*","order":"ASCENDING"}],"state":"READY"},{"queryScope":"COLLECTION","fields":[{"fieldPath":"*","order":"DESCENDING"}],"state":"READY"},{"queryScope":"COLLECTION","fields":[{"fieldPath":"*","arrayConfig":"CONTAINS"}],"state":"READY"}]}}]}
[info] i  Downloaded the existing Firestore indexes from the Firebase console 
[info] ✔  Wrote firestore.rules 
[info] ✔  Wrote firestore.indexes.json 
[info] 
=== App Hosting Setup
[debug] [2025-06-18T13:29:59.169Z] Checked if tokens are valid: true, expires at: 1750256862908
[debug] [2025-06-18T13:29:59.169Z] Checked if tokens are valid: true, expires at: 1750256862908
[debug] [2025-06-18T13:29:59.170Z] >>> [apiv2][query] GET https://cloudbilling.googleapis.com/v1/projects/mylaosmile-7642e/billingInfo [none]
[debug] [2025-06-18T13:30:02.100Z] <<< [apiv2][status] GET https://cloudbilling.googleapis.com/v1/projects/mylaosmile-7642e/billingInfo 200
[debug] [2025-06-18T13:30:02.100Z] <<< [apiv2][body] GET https://cloudbilling.googleapis.com/v1/projects/mylaosmile-7642e/billingInfo {"name":"projects/mylaosmile-7642e/billingInfo","projectId":"mylaosmile-7642e","billingAccountName":"billingAccounts/010E2D-431E6A-27C065","billingEnabled":true}
[debug] [2025-06-18T13:30:02.101Z] Checked if tokens are valid: true, expires at: 1750256862908
[debug] [2025-06-18T13:30:02.101Z] Checked if tokens are valid: true, expires at: 1750256862908
[debug] [2025-06-18T13:30:02.101Z] >>> [apiv2][query] GET https://serviceusage.googleapis.com/v1/projects/mylaosmile-7642e/services/firebaseapphosting.googleapis.com [none]
[debug] [2025-06-18T13:30:02.101Z] >>> [apiv2][(partial)header] GET https://serviceusage.googleapis.com/v1/projects/mylaosmile-7642e/services/firebaseapphosting.googleapis.com x-goog-quota-user=projects/mylaosmile-7642e
[debug] [2025-06-18T13:30:03.669Z] <<< [apiv2][status] GET https://serviceusage.googleapis.com/v1/projects/mylaosmile-7642e/services/firebaseapphosting.googleapis.com 200
[debug] [2025-06-18T13:30:03.669Z] <<< [apiv2][body] GET https://serviceusage.googleapis.com/v1/projects/mylaosmile-7642e/services/firebaseapphosting.googleapis.com [omitted]
[debug] [2025-06-18T13:30:03.670Z] Checked if tokens are valid: true, expires at: 1750256862908
[debug] [2025-06-18T13:30:03.670Z] Checked if tokens are valid: true, expires at: 1750256862908
[debug] [2025-06-18T13:30:03.670Z] >>> [apiv2][query] POST https://serviceusage.googleapis.com/v1/projects/mylaosmile-7642e/services/firebaseapphosting.googleapis.com:enable [none]
[debug] [2025-06-18T13:30:03.670Z] >>> [apiv2][(partial)header] POST https://serviceusage.googleapis.com/v1/projects/mylaosmile-7642e/services/firebaseapphosting.googleapis.com:enable x-goog-quota-user=projects/mylaosmile-7642e
[debug] [2025-06-18T13:30:05.303Z] <<< [apiv2][status] POST https://serviceusage.googleapis.com/v1/projects/mylaosmile-7642e/services/firebaseapphosting.googleapis.com:enable 200
[debug] [2025-06-18T13:30:05.303Z] <<< [apiv2][body] POST https://serviceusage.googleapis.com/v1/projects/mylaosmile-7642e/services/firebaseapphosting.googleapis.com:enable [omitted]
[debug] [2025-06-18T13:30:15.304Z] Checked if tokens are valid: true, expires at: 1750256862908
[debug] [2025-06-18T13:30:15.304Z] Checked if tokens are valid: true, expires at: 1750256862908
[debug] [2025-06-18T13:30:15.305Z] >>> [apiv2][query] GET https://serviceusage.googleapis.com/v1/projects/mylaosmile-7642e/services/firebaseapphosting.googleapis.com [none]
[debug] [2025-06-18T13:30:15.305Z] >>> [apiv2][(partial)header] GET https://serviceusage.googleapis.com/v1/projects/mylaosmile-7642e/services/firebaseapphosting.googleapis.com x-goog-quota-user=projects/mylaosmile-7642e
[debug] [2025-06-18T13:30:16.764Z] <<< [apiv2][status] GET https://serviceusage.googleapis.com/v1/projects/mylaosmile-7642e/services/firebaseapphosting.googleapis.com 200
[debug] [2025-06-18T13:30:16.764Z] <<< [apiv2][body] GET https://serviceusage.googleapis.com/v1/projects/mylaosmile-7642e/services/firebaseapphosting.googleapis.com [omitted]
[debug] [2025-06-18T13:30:16.766Z] Checked if tokens are valid: true, expires at: 1750256862908
[debug] [2025-06-18T13:30:16.766Z] Checked if tokens are valid: true, expires at: 1750256862908
[debug] [2025-06-18T13:30:16.766Z] Checked if tokens are valid: true, expires at: 1750256862908
[debug] [2025-06-18T13:30:16.766Z] Checked if tokens are valid: true, expires at: 1750256862908
[debug] [2025-06-18T13:30:16.766Z] Checked if tokens are valid: true, expires at: 1750256862908
[debug] [2025-06-18T13:30:16.766Z] Checked if tokens are valid: true, expires at: 1750256862908
[debug] [2025-06-18T13:30:16.766Z] Checked if tokens are valid: true, expires at: 1750256862908
[debug] [2025-06-18T13:30:16.766Z] Checked if tokens are valid: true, expires at: 1750256862908
[debug] [2025-06-18T13:30:16.766Z] Checked if tokens are valid: true, expires at: 1750256862908
[debug] [2025-06-18T13:30:16.766Z] Checked if tokens are valid: true, expires at: 1750256862908
[debug] [2025-06-18T13:30:16.767Z] Checked if tokens are valid: true, expires at: 1750256862908
[debug] [2025-06-18T13:30:16.767Z] Checked if tokens are valid: true, expires at: 1750256862908
[debug] [2025-06-18T13:30:16.767Z] >>> [apiv2][query] GET https://serviceusage.googleapis.com/v1/projects/mylaosmile-7642e/services/developerconnect.googleapis.com [none]
[debug] [2025-06-18T13:30:16.767Z] >>> [apiv2][(partial)header] GET https://serviceusage.googleapis.com/v1/projects/mylaosmile-7642e/services/developerconnect.googleapis.com x-goog-quota-user=projects/mylaosmile-7642e
[debug] [2025-06-18T13:30:16.767Z] >>> [apiv2][query] GET https://serviceusage.googleapis.com/v1/projects/mylaosmile-7642e/services/cloudbuild.googleapis.com [none]
[debug] [2025-06-18T13:30:16.767Z] >>> [apiv2][(partial)header] GET https://serviceusage.googleapis.com/v1/projects/mylaosmile-7642e/services/cloudbuild.googleapis.com x-goog-quota-user=projects/mylaosmile-7642e
[debug] [2025-06-18T13:30:16.768Z] >>> [apiv2][query] GET https://serviceusage.googleapis.com/v1/projects/mylaosmile-7642e/services/secretmanager.googleapis.com [none]
[debug] [2025-06-18T13:30:16.768Z] >>> [apiv2][(partial)header] GET https://serviceusage.googleapis.com/v1/projects/mylaosmile-7642e/services/secretmanager.googleapis.com x-goog-quota-user=projects/mylaosmile-7642e
[debug] [2025-06-18T13:30:16.768Z] >>> [apiv2][query] GET https://serviceusage.googleapis.com/v1/projects/mylaosmile-7642e/services/run.googleapis.com [none]
[debug] [2025-06-18T13:30:16.768Z] >>> [apiv2][(partial)header] GET https://serviceusage.googleapis.com/v1/projects/mylaosmile-7642e/services/run.googleapis.com x-goog-quota-user=projects/mylaosmile-7642e
[debug] [2025-06-18T13:30:16.769Z] >>> [apiv2][query] GET https://serviceusage.googleapis.com/v1/projects/mylaosmile-7642e/services/artifactregistry.googleapis.com [none]
[debug] [2025-06-18T13:30:16.769Z] >>> [apiv2][(partial)header] GET https://serviceusage.googleapis.com/v1/projects/mylaosmile-7642e/services/artifactregistry.googleapis.com x-goog-quota-user=projects/mylaosmile-7642e
[debug] [2025-06-18T13:30:16.770Z] >>> [apiv2][query] GET https://serviceusage.googleapis.com/v1/projects/mylaosmile-7642e/services/iam.googleapis.com [none]
[debug] [2025-06-18T13:30:16.770Z] >>> [apiv2][(partial)header] GET https://serviceusage.googleapis.com/v1/projects/mylaosmile-7642e/services/iam.googleapis.com x-goog-quota-user=projects/mylaosmile-7642e
[debug] [2025-06-18T13:30:18.045Z] <<< [apiv2][status] GET https://serviceusage.googleapis.com/v1/projects/mylaosmile-7642e/services/developerconnect.googleapis.com 200
[debug] [2025-06-18T13:30:18.045Z] <<< [apiv2][body] GET https://serviceusage.googleapis.com/v1/projects/mylaosmile-7642e/services/developerconnect.googleapis.com [omitted]
[debug] [2025-06-18T13:30:18.045Z] Checked if tokens are valid: true, expires at: 1750256862908
[debug] [2025-06-18T13:30:18.045Z] Checked if tokens are valid: true, expires at: 1750256862908
[debug] [2025-06-18T13:30:18.045Z] >>> [apiv2][query] POST https://serviceusage.googleapis.com/v1/projects/mylaosmile-7642e/services/developerconnect.googleapis.com:enable [none]
[debug] [2025-06-18T13:30:18.045Z] >>> [apiv2][(partial)header] POST https://serviceusage.googleapis.com/v1/projects/mylaosmile-7642e/services/developerconnect.googleapis.com:enable x-goog-quota-user=projects/mylaosmile-7642e
[debug] [2025-06-18T13:30:18.116Z] <<< [apiv2][status] GET https://serviceusage.googleapis.com/v1/projects/mylaosmile-7642e/services/artifactregistry.googleapis.com 200
[debug] [2025-06-18T13:30:18.116Z] <<< [apiv2][body] GET https://serviceusage.googleapis.com/v1/projects/mylaosmile-7642e/services/artifactregistry.googleapis.com [omitted]
[debug] [2025-06-18T13:30:18.125Z] <<< [apiv2][status] GET https://serviceusage.googleapis.com/v1/projects/mylaosmile-7642e/services/iam.googleapis.com 200
[debug] [2025-06-18T13:30:18.125Z] <<< [apiv2][body] GET https://serviceusage.googleapis.com/v1/projects/mylaosmile-7642e/services/iam.googleapis.com [omitted]
[debug] [2025-06-18T13:30:18.127Z] <<< [apiv2][status] GET https://serviceusage.googleapis.com/v1/projects/mylaosmile-7642e/services/secretmanager.googleapis.com 200
[debug] [2025-06-18T13:30:18.127Z] <<< [apiv2][body] GET https://serviceusage.googleapis.com/v1/projects/mylaosmile-7642e/services/secretmanager.googleapis.com [omitted]
[debug] [2025-06-18T13:30:18.141Z] <<< [apiv2][status] GET https://serviceusage.googleapis.com/v1/projects/mylaosmile-7642e/services/run.googleapis.com 200
[debug] [2025-06-18T13:30:18.142Z] <<< [apiv2][body] GET https://serviceusage.googleapis.com/v1/projects/mylaosmile-7642e/services/run.googleapis.com [omitted]
[debug] [2025-06-18T13:30:18.146Z] <<< [apiv2][status] GET https://serviceusage.googleapis.com/v1/projects/mylaosmile-7642e/services/cloudbuild.googleapis.com 200
[debug] [2025-06-18T13:30:18.146Z] <<< [apiv2][body] GET https://serviceusage.googleapis.com/v1/projects/mylaosmile-7642e/services/cloudbuild.googleapis.com [omitted]
[debug] [2025-06-18T13:30:19.424Z] <<< [apiv2][status] POST https://serviceusage.googleapis.com/v1/projects/mylaosmile-7642e/services/developerconnect.googleapis.com:enable 200
[debug] [2025-06-18T13:30:19.424Z] <<< [apiv2][body] POST https://serviceusage.googleapis.com/v1/projects/mylaosmile-7642e/services/developerconnect.googleapis.com:enable [omitted]
[debug] [2025-06-18T13:30:29.426Z] Checked if tokens are valid: true, expires at: 1750256862908
[debug] [2025-06-18T13:30:29.427Z] Checked if tokens are valid: true, expires at: 1750256862908
[debug] [2025-06-18T13:30:29.428Z] >>> [apiv2][query] GET https://serviceusage.googleapis.com/v1/projects/mylaosmile-7642e/services/developerconnect.googleapis.com [none]
[debug] [2025-06-18T13:30:29.428Z] >>> [apiv2][(partial)header] GET https://serviceusage.googleapis.com/v1/projects/mylaosmile-7642e/services/developerconnect.googleapis.com x-goog-quota-user=projects/mylaosmile-7642e
[debug] [2025-06-18T13:30:30.735Z] <<< [apiv2][status] GET https://serviceusage.googleapis.com/v1/projects/mylaosmile-7642e/services/developerconnect.googleapis.com 200
[debug] [2025-06-18T13:30:30.735Z] <<< [apiv2][body] GET https://serviceusage.googleapis.com/v1/projects/mylaosmile-7642e/services/developerconnect.googleapis.com [omitted]
[debug] [2025-06-18T13:30:30.744Z] Checked if tokens are valid: true, expires at: 1750256862908
[debug] [2025-06-18T13:30:30.744Z] Checked if tokens are valid: true, expires at: 1750256862908
[debug] [2025-06-18T13:30:30.744Z] >>> [apiv2][query] POST https://iam.googleapis.com/v1/projects/mylaosmile-7642e/serviceAccounts/firebase-app-hosting-compute@mylaosmile-7642e.iam.gserviceaccount.com:testIamPermissions [none]
[debug] [2025-06-18T13:30:30.744Z] >>> [apiv2][(partial)header] POST https://iam.googleapis.com/v1/projects/mylaosmile-7642e/serviceAccounts/firebase-app-hosting-compute@mylaosmile-7642e.iam.gserviceaccount.com:testIamPermissions x-goog-quota-user=projects/mylaosmile-7642e
[debug] [2025-06-18T13:30:30.744Z] >>> [apiv2][body] POST https://iam.googleapis.com/v1/projects/mylaosmile-7642e/serviceAccounts/firebase-app-hosting-compute@mylaosmile-7642e.iam.gserviceaccount.com:testIamPermissions {"permissions":["iam.serviceAccounts.actAs"]}
[debug] [2025-06-18T13:30:32.106Z] <<< [apiv2][status] POST https://iam.googleapis.com/v1/projects/mylaosmile-7642e/serviceAccounts/firebase-app-hosting-compute@mylaosmile-7642e.iam.gserviceaccount.com:testIamPermissions 404
[debug] [2025-06-18T13:30:32.106Z] <<< [apiv2][body] POST https://iam.googleapis.com/v1/projects/mylaosmile-7642e/serviceAccounts/firebase-app-hosting-compute@mylaosmile-7642e.iam.gserviceaccount.com:testIamPermissions {"error":{"code":404,"message":"Unknown service account","status":"NOT_FOUND"}}
[debug] [2025-06-18T13:30:32.106Z] Checked if tokens are valid: true, expires at: 1750256862908
[debug] [2025-06-18T13:30:32.106Z] Checked if tokens are valid: true, expires at: 1750256862908
[debug] [2025-06-18T13:30:32.107Z] >>> [apiv2][query] POST https://iam.googleapis.com/v1/projects/mylaosmile-7642e/serviceAccounts [none]
[debug] [2025-06-18T13:30:32.107Z] >>> [apiv2][body] POST https://iam.googleapis.com/v1/projects/mylaosmile-7642e/serviceAccounts {"accountId":"firebase-app-hosting-compute","serviceAccount":{"displayName":"Firebase App Hosting compute service account","description":"Default service account used to run builds and deploys for Firebase App Hosting"}}
[debug] [2025-06-18T13:30:33.684Z] <<< [apiv2][status] POST https://iam.googleapis.com/v1/projects/mylaosmile-7642e/serviceAccounts 200
[debug] [2025-06-18T13:30:33.685Z] <<< [apiv2][body] POST https://iam.googleapis.com/v1/projects/mylaosmile-7642e/serviceAccounts [omitted]
[debug] [2025-06-18T13:30:33.685Z] Checked if tokens are valid: true, expires at: 1750256862908
[debug] [2025-06-18T13:30:33.685Z] Checked if tokens are valid: true, expires at: 1750256862908
[debug] [2025-06-18T13:30:33.685Z] >>> [apiv2][query] POST https://cloudresourcemanager.googleapis.com/v1/projects/mylaosmile-7642e:getIamPolicy [none]
[debug] [2025-06-18T13:30:34.857Z] <<< [apiv2][status] POST https://cloudresourcemanager.googleapis.com/v1/projects/mylaosmile-7642e:getIamPolicy 200
[debug] [2025-06-18T13:30:34.858Z] <<< [apiv2][body] POST https://cloudresourcemanager.googleapis.com/v1/projects/mylaosmile-7642e:getIamPolicy {"version":1,"etag":"BwY32KDr4NE=","bindings":[{"role":"roles/cloudbuild.builds.builder","members":["serviceAccount:344355987918@cloudbuild.gserviceaccount.com"]},{"role":"roles/cloudbuild.serviceAgent","members":["serviceAccount:service-344355987918@gcp-sa-cloudbuild.iam.gserviceaccount.com"]},{"role":"roles/containerregistry.ServiceAgent","members":["serviceAccount:service-344355987918@containerregistry.iam.gserviceaccount.com"]},{"role":"roles/editor","members":["serviceAccount:344355987918-compute@developer.gserviceaccount.com"]},{"role":"roles/firebase.managementServiceAgent","members":["serviceAccount:service-344355987918@gcp-sa-firebase.iam.gserviceaccount.com"]},{"role":"roles/firebase.sdkAdminServiceAgent","members":["serviceAccount:firebase-adminsdk-fbsvc@mylaosmile-7642e.iam.gserviceaccount.com"]},{"role":"roles/firebaseauth.admin","members":["serviceAccount:firebase-adminsdk-fbsvc@mylaosmile-7642e.iam.gserviceaccount.com"]},{"role":"roles/firebaserules.system","members":["serviceAccount:service-344355987918@firebase-rules.iam.gserviceaccount.com"]},{"role":"roles/firebasestorage.serviceAgent","members":["serviceAccount:service-344355987918@gcp-sa-firebasestorage.iam.gserviceaccount.com"]},{"role":"roles/firestore.serviceAgent","members":["serviceAccount:service-344355987918@gcp-sa-firestore.iam.gserviceaccount.com"]},{"role":"roles/iam.serviceAccountTokenCreator","members":["serviceAccount:firebase-adminsdk-fbsvc@mylaosmile-7642e.iam.gserviceaccount.com"]},{"role":"roles/owner","members":["user:johntowzhichong@gmail.com"]},{"role":"roles/run.serviceAgent","members":["serviceAccount:service-344355987918@serverless-robot-prod.iam.gserviceaccount.com"]},{"role":"roles/storage.admin","members":["serviceAccount:firebase-adminsdk-fbsvc@mylaosmile-7642e.iam.gserviceaccount.com"]}]}
[debug] [2025-06-18T13:30:34.858Z] Checked if tokens are valid: true, expires at: 1750256862908
[debug] [2025-06-18T13:30:34.858Z] Checked if tokens are valid: true, expires at: 1750256862908
[debug] [2025-06-18T13:30:34.858Z] >>> [apiv2][query] POST https://cloudresourcemanager.googleapis.com/v1/projects/mylaosmile-7642e:setIamPolicy [none]
[debug] [2025-06-18T13:30:34.858Z] >>> [apiv2][body] POST https://cloudresourcemanager.googleapis.com/v1/projects/mylaosmile-7642e:setIamPolicy {"policy":{"version":1,"etag":"BwY32KDr4NE=","bindings":[{"role":"roles/cloudbuild.builds.builder","members":["serviceAccount:344355987918@cloudbuild.gserviceaccount.com"]},{"role":"roles/cloudbuild.serviceAgent","members":["serviceAccount:service-344355987918@gcp-sa-cloudbuild.iam.gserviceaccount.com"]},{"role":"roles/containerregistry.ServiceAgent","members":["serviceAccount:service-344355987918@containerregistry.iam.gserviceaccount.com"]},{"role":"roles/editor","members":["serviceAccount:344355987918-compute@developer.gserviceaccount.com"]},{"role":"roles/firebase.managementServiceAgent","members":["serviceAccount:service-344355987918@gcp-sa-firebase.iam.gserviceaccount.com"]},{"role":"roles/firebase.sdkAdminServiceAgent","members":["serviceAccount:firebase-adminsdk-fbsvc@mylaosmile-7642e.iam.gserviceaccount.com","serviceAccount:firebase-app-hosting-compute@mylaosmile-7642e.iam.gserviceaccount.com"]},{"role":"roles/firebaseauth.admin","members":["serviceAccount:firebase-adminsdk-fbsvc@mylaosmile-7642e.iam.gserviceaccount.com"]},{"role":"roles/firebaserules.system","members":["serviceAccount:service-344355987918@firebase-rules.iam.gserviceaccount.com"]},{"role":"roles/firebasestorage.serviceAgent","members":["serviceAccount:service-344355987918@gcp-sa-firebasestorage.iam.gserviceaccount.com"]},{"role":"roles/firestore.serviceAgent","members":["serviceAccount:service-344355987918@gcp-sa-firestore.iam.gserviceaccount.com"]},{"role":"roles/iam.serviceAccountTokenCreator","members":["serviceAccount:firebase-adminsdk-fbsvc@mylaosmile-7642e.iam.gserviceaccount.com"]},{"role":"roles/owner","members":["user:johntowzhichong@gmail.com"]},{"role":"roles/run.serviceAgent","members":["serviceAccount:service-344355987918@serverless-robot-prod.iam.gserviceaccount.com"]},{"role":"roles/storage.admin","members":["serviceAccount:firebase-adminsdk-fbsvc@mylaosmile-7642e.iam.gserviceaccount.com"]},{"role":"roles/firebaseapphosting.computeRunner","members":["serviceAccount:firebase-app-hosting-compute@mylaosmile-7642e.iam.gserviceaccount.com"]},{"role":"roles/developerconnect.readTokenAccessor","members":["serviceAccount:firebase-app-hosting-compute@mylaosmile-7642e.iam.gserviceaccount.com"]},{"role":"roles/storage.objectViewer","members":["serviceAccount:firebase-app-hosting-compute@mylaosmile-7642e.iam.gserviceaccount.com"]}]},"updateMask":"bindings"}
[debug] [2025-06-18T13:30:35.845Z] <<< [apiv2][status] POST https://cloudresourcemanager.googleapis.com/v1/projects/mylaosmile-7642e:setIamPolicy 200
[debug] [2025-06-18T13:30:35.845Z] <<< [apiv2][body] POST https://cloudresourcemanager.googleapis.com/v1/projects/mylaosmile-7642e:setIamPolicy {"version":1,"etag":"BwY32KJOrM4=","bindings":[{"role":"roles/cloudbuild.builds.builder","members":["serviceAccount:344355987918@cloudbuild.gserviceaccount.com"]},{"role":"roles/cloudbuild.serviceAgent","members":["serviceAccount:service-344355987918@gcp-sa-cloudbuild.iam.gserviceaccount.com"]},{"role":"roles/containerregistry.ServiceAgent","members":["serviceAccount:service-344355987918@containerregistry.iam.gserviceaccount.com"]},{"role":"roles/developerconnect.readTokenAccessor","members":["serviceAccount:firebase-app-hosting-compute@mylaosmile-7642e.iam.gserviceaccount.com"]},{"role":"roles/editor","members":["serviceAccount:344355987918-compute@developer.gserviceaccount.com"]},{"role":"roles/firebase.managementServiceAgent","members":["serviceAccount:service-344355987918@gcp-sa-firebase.iam.gserviceaccount.com"]},{"role":"roles/firebase.sdkAdminServiceAgent","members":["serviceAccount:firebase-adminsdk-fbsvc@mylaosmile-7642e.iam.gserviceaccount.com","serviceAccount:firebase-app-hosting-compute@mylaosmile-7642e.iam.gserviceaccount.com"]},{"role":"roles/firebaseapphosting.computeRunner","members":["serviceAccount:firebase-app-hosting-compute@mylaosmile-7642e.iam.gserviceaccount.com"]},{"role":"roles/firebaseauth.admin","members":["serviceAccount:firebase-adminsdk-fbsvc@mylaosmile-7642e.iam.gserviceaccount.com"]},{"role":"roles/firebaserules.system","members":["serviceAccount:service-344355987918@firebase-rules.iam.gserviceaccount.com"]},{"role":"roles/firebasestorage.serviceAgent","members":["serviceAccount:service-344355987918@gcp-sa-firebasestorage.iam.gserviceaccount.com"]},{"role":"roles/firestore.serviceAgent","members":["serviceAccount:service-344355987918@gcp-sa-firestore.iam.gserviceaccount.com"]},{"role":"roles/iam.serviceAccountTokenCreator","members":["serviceAccount:firebase-adminsdk-fbsvc@mylaosmile-7642e.iam.gserviceaccount.com"]},{"role":"roles/owner","members":["user:johntowzhichong@gmail.com"]},{"role":"roles/run.serviceAgent","members":["serviceAccount:service-344355987918@serverless-robot-prod.iam.gserviceaccount.com"]},{"role":"roles/storage.admin","members":["serviceAccount:firebase-adminsdk-fbsvc@mylaosmile-7642e.iam.gserviceaccount.com"]},{"role":"roles/storage.objectViewer","members":["serviceAccount:firebase-app-hosting-compute@mylaosmile-7642e.iam.gserviceaccount.com"]}]}
[debug] [2025-06-18T13:30:35.846Z] Checked if tokens are valid: true, expires at: 1750256862908
[debug] [2025-06-18T13:30:35.846Z] Checked if tokens are valid: true, expires at: 1750256862908
[debug] [2025-06-18T13:30:35.846Z] >>> [apiv2][query] POST https://cloudresourcemanager.googleapis.com/v1/projects/mylaosmile-7642e:getIamPolicy [none]
[debug] [2025-06-18T13:30:36.161Z] <<< [apiv2][status] POST https://cloudresourcemanager.googleapis.com/v1/projects/mylaosmile-7642e:getIamPolicy 200
[debug] [2025-06-18T13:30:36.161Z] <<< [apiv2][body] POST https://cloudresourcemanager.googleapis.com/v1/projects/mylaosmile-7642e:getIamPolicy {"version":1,"etag":"BwY32KJOrM4=","bindings":[{"role":"roles/cloudbuild.builds.builder","members":["serviceAccount:344355987918@cloudbuild.gserviceaccount.com"]},{"role":"roles/cloudbuild.serviceAgent","members":["serviceAccount:service-344355987918@gcp-sa-cloudbuild.iam.gserviceaccount.com"]},{"role":"roles/containerregistry.ServiceAgent","members":["serviceAccount:service-344355987918@containerregistry.iam.gserviceaccount.com"]},{"role":"roles/developerconnect.readTokenAccessor","members":["serviceAccount:firebase-app-hosting-compute@mylaosmile-7642e.iam.gserviceaccount.com"]},{"role":"roles/editor","members":["serviceAccount:344355987918-compute@developer.gserviceaccount.com"]},{"role":"roles/firebase.managementServiceAgent","members":["serviceAccount:service-344355987918@gcp-sa-firebase.iam.gserviceaccount.com"]},{"role":"roles/firebase.sdkAdminServiceAgent","members":["serviceAccount:firebase-adminsdk-fbsvc@mylaosmile-7642e.iam.gserviceaccount.com","serviceAccount:firebase-app-hosting-compute@mylaosmile-7642e.iam.gserviceaccount.com"]},{"role":"roles/firebaseapphosting.computeRunner","members":["serviceAccount:firebase-app-hosting-compute@mylaosmile-7642e.iam.gserviceaccount.com"]},{"role":"roles/firebaseauth.admin","members":["serviceAccount:firebase-adminsdk-fbsvc@mylaosmile-7642e.iam.gserviceaccount.com"]},{"role":"roles/firebaserules.system","members":["serviceAccount:service-344355987918@firebase-rules.iam.gserviceaccount.com"]},{"role":"roles/firebasestorage.serviceAgent","members":["serviceAccount:service-344355987918@gcp-sa-firebasestorage.iam.gserviceaccount.com"]},{"role":"roles/firestore.serviceAgent","members":["serviceAccount:service-344355987918@gcp-sa-firestore.iam.gserviceaccount.com"]},{"role":"roles/iam.serviceAccountTokenCreator","members":["serviceAccount:firebase-adminsdk-fbsvc@mylaosmile-7642e.iam.gserviceaccount.com"]},{"role":"roles/owner","members":["user:johntowzhichong@gmail.com"]},{"role":"roles/run.serviceAgent","members":["serviceAccount:service-344355987918@serverless-robot-prod.iam.gserviceaccount.com"]},{"role":"roles/storage.admin","members":["serviceAccount:firebase-adminsdk-fbsvc@mylaosmile-7642e.iam.gserviceaccount.com"]},{"role":"roles/storage.objectViewer","members":["serviceAccount:firebase-app-hosting-compute@mylaosmile-7642e.iam.gserviceaccount.com"]}]}
[info] i  This command links your local project to Firebase App Hosting. You will be able to deploy your web app with `firebase deploy` after setup. 
[debug] [2025-06-18T13:44:25.880Z] Error: write EIO
    at afterWriteDispatched (node:internal/stream_base_commons:161:15)
    at writeGeneric (node:internal/stream_base_commons:152:3)
    at Socket._writeGeneric (node:net:954:11)
    at Socket._write (node:net:966:8)
    at writeOrBuffer (node:internal/streams/writable:570:12)
    at _write (node:internal/streams/writable:499:10)
    at Writable.write (node:internal/streams/writable:508:10)
    at MuteStream.ondata (node:internal/streams/legacy:21:31)
    at MuteStream.emit (node:events:519:28)
    at MuteStream.emit (node:domain:488:12)
[error] 
[error] Error: An unexpected error has occurred.
[debug] [2025-06-18T13:44:25.882Z] Error: write EIO
    at afterWriteDispatched (node:internal/stream_base_commons:161:15)
    at writeGeneric (node:internal/stream_base_commons:152:3)
    at Socket._writeGeneric (node:net:954:11)
    at Socket._write (node:net:966:8)
    at writeOrBuffer (node:internal/streams/writable:570:12)
    at _write (node:internal/streams/writable:499:10)
    at Writable.write (node:internal/streams/writable:508:10)
    at Console.log (/Users/johntow/.nvm/versions/node/v20.18.0/lib/node_modules/firebase-tools/node_modules/winston/lib/winston/transports/console.js:87:23)
    at Console._write (/Users/johntow/.nvm/versions/node/v20.18.0/lib/node_modules/firebase-tools/node_modules/winston-transport/modern.js:103:17)
    at doWrite (/Users/johntow/.nvm/versions/node/v20.18.0/lib/node_modules/firebase-tools/node_modules/winston-transport/node_modules/readable-stream/lib/_stream_writable.js:390:139)
[error] 
[error] Error: An unexpected error has occurred.
[debug] [2025-06-18T13:44:25.882Z] Error: write EIO
    at afterWriteDispatched (node:internal/stream_base_commons:161:15)
    at writeGeneric (node:internal/stream_base_commons:152:3)
    at Socket._writeGeneric (node:net:954:11)
    at Socket._write (node:net:966:8)
    at writeOrBuffer (node:internal/streams/writable:570:12)
    at _write (node:internal/streams/writable:499:10)
    at Writable.write (node:internal/streams/writable:508:10)
    at Console.log (/Users/johntow/.nvm/versions/node/v20.18.0/lib/node_modules/firebase-tools/node_modules/winston/lib/winston/transports/console.js:87:23)
    at Console._write (/Users/johntow/.nvm/versions/node/v20.18.0/lib/node_modules/firebase-tools/node_modules/winston-transport/modern.js:103:17)
    at doWrite (/Users/johntow/.nvm/versions/node/v20.18.0/lib/node_modules/firebase-tools/node_modules/winston-transport/node_modules/readable-stream/lib/_stream_writable.js:390:139)
[error] 
[error] Error: An unexpected error has occurred.
[debug] [2025-06-18T13:44:25.883Z] Error: write EIO
    at afterWriteDispatched (node:internal/stream_base_commons:161:15)
    at writeGeneric (node:internal/stream_base_commons:152:3)
    at Socket._writeGeneric (node:net:954:11)
    at Socket._write (node:net:966:8)
    at writeOrBuffer (node:internal/streams/writable:570:12)
    at _write (node:internal/streams/writable:499:10)
    at Writable.write (node:internal/streams/writable:508:10)
    at Console.log (/Users/johntow/.nvm/versions/node/v20.18.0/lib/node_modules/firebase-tools/node_modules/winston/lib/winston/transports/console.js:87:23)
    at Console._write (/Users/johntow/.nvm/versions/node/v20.18.0/lib/node_modules/firebase-tools/node_modules/winston-transport/modern.js:103:17)
    at doWrite (/Users/johntow/.nvm/versions/node/v20.18.0/lib/node_modules/firebase-tools/node_modules/winston-transport/node_modules/readable-stream/lib/_stream_writable.js:390:139)
[error] 
[error] Error: An unexpected error has occurred.
[debug] [2025-06-18T13:44:25.883Z] Error: write EIO
    at afterWriteDispatched (node:internal/stream_base_commons:161:15)
    at writeGeneric (node:internal/stream_base_commons:152:3)
    at Socket._writeGeneric (node:net:954:11)
    at Socket._write (node:net:966:8)
    at writeOrBuffer (node:internal/streams/writable:570:12)
    at _write (node:internal/streams/writable:499:10)
    at Writable.write (node:internal/streams/writable:508:10)
    at Console.log (/Users/johntow/.nvm/versions/node/v20.18.0/lib/node_modules/firebase-tools/node_modules/winston/lib/winston/transports/console.js:87:23)
    at Console._write (/Users/johntow/.nvm/versions/node/v20.18.0/lib/node_modules/firebase-tools/node_modules/winston-transport/modern.js:103:17)
    at doWrite (/Users/johntow/.nvm/versions/node/v20.18.0/lib/node_modules/firebase-tools/node_modules/winston-transport/node_modules/readable-stream/lib/_stream_writable.js:390:139)
[error] 
[error] Error: An unexpected error has occurred.
[debug] [2025-06-18T13:44:25.883Z] Error: write EIO
    at afterWriteDispatched (node:internal/stream_base_commons:161:15)
    at writeGeneric (node:internal/stream_base_commons:152:3)
    at Socket._writeGeneric (node:net:954:11)
    at Socket._write (node:net:966:8)
    at writeOrBuffer (node:internal/streams/writable:570:12)
    at _write (node:internal/streams/writable:499:10)
    at Writable.write (node:internal/streams/writable:508:10)
    at Console.log (/Users/johntow/.nvm/versions/node/v20.18.0/lib/node_modules/firebase-tools/node_modules/winston/lib/winston/transports/console.js:87:23)
    at Console._write (/Users/johntow/.nvm/versions/node/v20.18.0/lib/node_modules/firebase-tools/node_modules/winston-transport/modern.js:103:17)
    at doWrite (/Users/johntow/.nvm/versions/node/v20.18.0/lib/node_modules/firebase-tools/node_modules/winston-transport/node_modules/readable-stream/lib/_stream_writable.js:390:139)
[error] 
[error] Error: An unexpected error has occurred.
[debug] [2025-06-18T13:44:25.884Z] Error: write EIO
    at afterWriteDispatched (node:internal/stream_base_commons:161:15)
    at writeGeneric (node:internal/stream_base_commons:152:3)
    at Socket._writeGeneric (node:net:954:11)
    at Socket._write (node:net:966:8)
    at writeOrBuffer (node:internal/streams/writable:570:12)
    at _write (node:internal/streams/writable:499:10)
    at Writable.write (node:internal/streams/writable:508:10)
    at Console.log (/Users/johntow/.nvm/versions/node/v20.18.0/lib/node_modules/firebase-tools/node_modules/winston/lib/winston/transports/console.js:87:23)
    at Console._write (/Users/johntow/.nvm/versions/node/v20.18.0/lib/node_modules/firebase-tools/node_modules/winston-transport/modern.js:103:17)
    at doWrite (/Users/johntow/.nvm/versions/node/v20.18.0/lib/node_modules/firebase-tools/node_modules/winston-transport/node_modules/readable-stream/lib/_stream_writable.js:390:139)
[error] 
[error] Error: An unexpected error has occurred.
[debug] [2025-06-18T13:44:25.884Z] Error: write EIO
    at afterWriteDispatched (node:internal/stream_base_commons:161:15)
    at writeGeneric (node:internal/stream_base_commons:152:3)
    at Socket._writeGeneric (node:net:954:11)
    at Socket._write (node:net:966:8)
    at writeOrBuffer (node:internal/streams/writable:570:12)
    at _write (node:internal/streams/writable:499:10)
    at Writable.write (node:internal/streams/writable:508:10)
    at Console.log (/Users/johntow/.nvm/versions/node/v20.18.0/lib/node_modules/firebase-tools/node_modules/winston/lib/winston/transports/console.js:87:23)
    at Console._write (/Users/johntow/.nvm/versions/node/v20.18.0/lib/node_modules/firebase-tools/node_modules/winston-transport/modern.js:103:17)
    at doWrite (/Users/johntow/.nvm/versions/node/v20.18.0/lib/node_modules/firebase-tools/node_modules/winston-transport/node_modules/readable-stream/lib/_stream_writable.js:390:139)
[error] 
[error] Error: An unexpected error has occurred.
